<?xml version="1.0" encoding="UTF-8"?>
<!-- Generated by org.testng.reporters.JUnitReportReporter -->
<testsuite skipped="0" hostname="ARC160NB" name="testappium.crossbrowser.App" tests="1" failures="0" timestamp="17 AÄŸu 2019 14:00:47 GMT" time="1.667" errors="0">
  <testcase name="testCal" time="1.667" classname="testappium.crossbrowser.App"/>
</testsuite> <!-- testappium.crossbrowser.App -->
